-- Found ament_cmake: 1.3.14 (/opt/ros/humble/share/ament_cmake/cmake)
-- Found rclcpp: 16.0.19 (/opt/ros/humble/share/rclcpp/cmake)
-- Found rosidl_generator_c: 3.1.8 (/opt/ros/humble/share/rosidl_generator_c/cmake)
-- Found rosidl_adapter: 3.1.8 (/opt/ros/humble/share/rosidl_adapter/cmake)
-- Found rosidl_generator_cpp: 3.1.8 (/opt/ros/humble/share/rosidl_generator_cpp/cmake)
-- Using all available rosidl_typesupport_c: rosidl_typesupport_fastrtps_c;rosidl_typesupport_introspection_c
-- Using all available rosidl_typesupport_cpp: rosidl_typesupport_fastrtps_cpp;rosidl_typesupport_introspection_cpp
-- Found rmw_implementation_cmake: 6.1.2 (/opt/ros/humble/share/rmw_implementation_cmake/cmake)
-- Found rmw_fastrtps_cpp: 6.2.10 (/opt/ros/humble/share/rmw_fastrtps_cpp/cmake)
-- Using RMW implementation 'rmw_fastrtps_cpp' as default
-- Found ament_lint_auto: 0.12.15 (/opt/ros/humble/share/ament_lint_auto/cmake)
-- Added test 'cppcheck' to perform static code analysis on C / C++ code
-- Configured cppcheck include dirs: 
-- Configured cppcheck exclude dirs and/or files: 
-- Added test 'flake8' to check Python code syntax and style conventions
-- Added test 'lint_cmake' to check CMake code style
-- Added test 'pep257' to check Python code against some of the docstring style conventions in PEP 257
-- Added test 'uncrustify' to check C / C++ code style
-- Configured uncrustify additional arguments: 
-- Added test 'xmllint' to check XML markup files
-- Configuring done
-- Generating done
-- Build files have been written to: /home/tanmay/Desktop/Task1/task1-ros-tanmaybardia/autonav_beginner/build/autonav_beginner
[35m[1mConsolidate compiler generated dependencies of target obstacle_detector[0m
[35m[1mConsolidate compiler generated dependencies of target lidar_publisher[0m
[ 16%] [32mBuilding CXX object CMakeFiles/drive_decider.dir/src/drive_decider.cpp.o[0m
[ 50%] Built target obstacle_detector
[ 83%] Built target lidar_publisher
[100%] [32m[1mLinking CXX executable drive_decider[0m
[100%] Built target drive_decider
-- Install configuration: ""
-- Up-to-date: /home/tanmay/Desktop/Task1/task1-ros-tanmaybardia/autonav_beginner/install/autonav_beginner/lib/autonav_beginner/lidar_publisher
-- Up-to-date: /home/tanmay/Desktop/Task1/task1-ros-tanmaybardia/autonav_beginner/install/autonav_beginner/lib/autonav_beginner/obstacle_detector
-- Installing: /home/tanmay/Desktop/Task1/task1-ros-tanmaybardia/autonav_beginner/install/autonav_beginner/lib/autonav_beginner/drive_decider
-- Set runtime path of "/home/tanmay/Desktop/Task1/task1-ros-tanmaybardia/autonav_beginner/install/autonav_beginner/lib/autonav_beginner/drive_decider" to ""
-- Up-to-date: /home/tanmay/Desktop/Task1/task1-ros-tanmaybardia/autonav_beginner/install/autonav_beginner/share/ament_index/resource_index/package_run_dependencies/autonav_beginner
-- Up-to-date: /home/tanmay/Desktop/Task1/task1-ros-tanmaybardia/autonav_beginner/install/autonav_beginner/share/ament_index/resource_index/parent_prefix_path/autonav_beginner
-- Up-to-date: /home/tanmay/Desktop/Task1/task1-ros-tanmaybardia/autonav_beginner/install/autonav_beginner/share/autonav_beginner/environment/ament_prefix_path.sh
-- Installing: /home/tanmay/Desktop/Task1/task1-ros-tanmaybardia/autonav_beginner/install/autonav_beginner/share/autonav_beginner/environment/ament_prefix_path.dsv
-- Up-to-date: /home/tanmay/Desktop/Task1/task1-ros-tanmaybardia/autonav_beginner/install/autonav_beginner/share/autonav_beginner/environment/path.sh
-- Installing: /home/tanmay/Desktop/Task1/task1-ros-tanmaybardia/autonav_beginner/install/autonav_beginner/share/autonav_beginner/environment/path.dsv
-- Up-to-date: /home/tanmay/Desktop/Task1/task1-ros-tanmaybardia/autonav_beginner/install/autonav_beginner/share/autonav_beginner/local_setup.bash
-- Up-to-date: /home/tanmay/Desktop/Task1/task1-ros-tanmaybardia/autonav_beginner/install/autonav_beginner/share/autonav_beginner/local_setup.sh
-- Up-to-date: /home/tanmay/Desktop/Task1/task1-ros-tanmaybardia/autonav_beginner/install/autonav_beginner/share/autonav_beginner/local_setup.zsh
-- Installing: /home/tanmay/Desktop/Task1/task1-ros-tanmaybardia/autonav_beginner/install/autonav_beginner/share/autonav_beginner/local_setup.dsv
-- Installing: /home/tanmay/Desktop/Task1/task1-ros-tanmaybardia/autonav_beginner/install/autonav_beginner/share/autonav_beginner/package.dsv
-- Up-to-date: /home/tanmay/Desktop/Task1/task1-ros-tanmaybardia/autonav_beginner/install/autonav_beginner/share/ament_index/resource_index/packages/autonav_beginner
-- Up-to-date: /home/tanmay/Desktop/Task1/task1-ros-tanmaybardia/autonav_beginner/install/autonav_beginner/share/autonav_beginner/cmake/autonav_beginnerConfig.cmake
-- Up-to-date: /home/tanmay/Desktop/Task1/task1-ros-tanmaybardia/autonav_beginner/install/autonav_beginner/share/autonav_beginner/cmake/autonav_beginnerConfig-version.cmake
-- Up-to-date: /home/tanmay/Desktop/Task1/task1-ros-tanmaybardia/autonav_beginner/install/autonav_beginner/share/autonav_beginner/package.xml
