[0.077s] DEBUG:colcon:Command line arguments: ['/usr/bin/colcon', 'build']
[0.077s] DEBUG:colcon:Parsed command line arguments: Namespace(log_base=None, log_level=None, verb_name='build', build_base='build', install_base='install', merge_install=False, symlink_install=False, test_result_base=None, continue_on_error=False, executor='parallel', parallel_workers=12, event_handlers=None, ignore_user_meta=False, metas=['./colcon.meta'], base_paths=['.'], packages_ignore=None, packages_ignore_regex=None, paths=None, packages_up_to=None, packages_up_to_regex=None, packages_above=None, packages_above_and_dependencies=None, packages_above_depth=None, packages_select_by_dep=None, packages_skip_by_dep=None, packages_skip_up_to=None, packages_select_build_failed=False, packages_skip_build_finished=False, packages_select_test_failures=False, packages_skip_test_passed=False, packages_select=None, packages_skip=None, packages_select_regex=None, packages_skip_regex=None, packages_start=None, packages_end=None, allow_overriding=[], cmake_args=None, cmake_target=None, cmake_target_skip_unavailable=False, cmake_clean_cache=False, cmake_clean_first=False, cmake_force_configure=False, ament_cmake_args=None, catkin_cmake_args=None, catkin_skip_building_tests=False, verb_parser=<colcon_defaults.argument_parser.defaults.DefaultArgumentsDecorator object at 0x7a4cbed375e0>, verb_extension=<colcon_core.verb.build.BuildVerb object at 0x7a4cbed37100>, main=<bound method BuildVerb.main of <colcon_core.verb.build.BuildVerb object at 0x7a4cbed37100>>)
[0.171s] Level 1:colcon.colcon_core.package_discovery:discover_packages(colcon_meta) check parameters
[0.171s] Level 1:colcon.colcon_core.package_discovery:discover_packages(recursive) check parameters
[0.171s] Level 1:colcon.colcon_core.package_discovery:discover_packages(ignore) check parameters
[0.171s] Level 1:colcon.colcon_core.package_discovery:discover_packages(path) check parameters
[0.171s] Level 1:colcon.colcon_core.package_discovery:discover_packages(colcon_meta) discover
[0.171s] Level 1:colcon.colcon_core.package_discovery:discover_packages(recursive) discover
[0.171s] INFO:colcon.colcon_core.package_discovery:Crawling recursively for packages in '/home/tanmay/Desktop/Task1/task1-ros-tanmaybardia/autonav_beginner'
[0.172s] Level 1:colcon.colcon_core.package_identification:_identify(.) by extensions ['ignore', 'ignore_ament_install']
[0.172s] Level 1:colcon.colcon_core.package_identification:_identify(.) by extension 'ignore'
[0.172s] Level 1:colcon.colcon_core.package_identification:_identify(.) by extension 'ignore_ament_install'
[0.172s] Level 1:colcon.colcon_core.package_identification:_identify(.) by extensions ['colcon_pkg']
[0.172s] Level 1:colcon.colcon_core.package_identification:_identify(.) by extension 'colcon_pkg'
[0.172s] Level 1:colcon.colcon_core.package_identification:_identify(.) by extensions ['colcon_meta']
[0.172s] Level 1:colcon.colcon_core.package_identification:_identify(.) by extension 'colcon_meta'
[0.172s] Level 1:colcon.colcon_core.package_identification:_identify(.) by extensions ['ros']
[0.172s] Level 1:colcon.colcon_core.package_identification:_identify(.) by extension 'ros'
[0.181s] DEBUG:colcon.colcon_core.package_identification:Package '.' with type 'ros.ament_cmake' and name 'autonav_beginner'
[0.181s] Level 1:colcon.colcon_core.package_discovery:discover_packages(recursive) using defaults
[0.181s] Level 1:colcon.colcon_core.package_discovery:discover_packages(ignore) discover
[0.181s] Level 1:colcon.colcon_core.package_discovery:discover_packages(ignore) using defaults
[0.181s] Level 1:colcon.colcon_core.package_discovery:discover_packages(path) discover
[0.181s] Level 1:colcon.colcon_core.package_discovery:discover_packages(path) using defaults
[0.193s] Level 1:colcon.colcon_core.package_discovery:discover_packages(prefix_path) check parameters
[0.193s] Level 1:colcon.colcon_core.package_discovery:discover_packages(prefix_path) discover
[0.194s] DEBUG:colcon.colcon_installed_package_information.package_discovery:Found 1 installed packages in /home/tanmay/Desktop/Task1/task1-ros-tanmaybardia/autonav_beginner/install
[0.195s] DEBUG:colcon.colcon_installed_package_information.package_discovery:Found 273 installed packages in /opt/ros/humble
[0.197s] Level 1:colcon.colcon_core.package_discovery:discover_packages(prefix_path) using defaults
[0.226s] Level 5:colcon.colcon_core.verb:set package 'autonav_beginner' build argument 'cmake_args' from command line to 'None'
[0.226s] Level 5:colcon.colcon_core.verb:set package 'autonav_beginner' build argument 'cmake_target' from command line to 'None'
[0.226s] Level 5:colcon.colcon_core.verb:set package 'autonav_beginner' build argument 'cmake_target_skip_unavailable' from command line to 'False'
[0.226s] Level 5:colcon.colcon_core.verb:set package 'autonav_beginner' build argument 'cmake_clean_cache' from command line to 'False'
[0.226s] Level 5:colcon.colcon_core.verb:set package 'autonav_beginner' build argument 'cmake_clean_first' from command line to 'False'
[0.226s] Level 5:colcon.colcon_core.verb:set package 'autonav_beginner' build argument 'cmake_force_configure' from command line to 'False'
[0.226s] Level 5:colcon.colcon_core.verb:set package 'autonav_beginner' build argument 'ament_cmake_args' from command line to 'None'
[0.226s] Level 5:colcon.colcon_core.verb:set package 'autonav_beginner' build argument 'catkin_cmake_args' from command line to 'None'
[0.226s] Level 5:colcon.colcon_core.verb:set package 'autonav_beginner' build argument 'catkin_skip_building_tests' from command line to 'False'
[0.226s] DEBUG:colcon.colcon_core.verb:Building package 'autonav_beginner' with the following arguments: {'ament_cmake_args': None, 'build_base': '/home/tanmay/Desktop/Task1/task1-ros-tanmaybardia/autonav_beginner/build/autonav_beginner', 'catkin_cmake_args': None, 'catkin_skip_building_tests': False, 'cmake_args': None, 'cmake_clean_cache': False, 'cmake_clean_first': False, 'cmake_force_configure': False, 'cmake_target': None, 'cmake_target_skip_unavailable': False, 'install_base': '/home/tanmay/Desktop/Task1/task1-ros-tanmaybardia/autonav_beginner/install/autonav_beginner', 'merge_install': False, 'path': '/home/tanmay/Desktop/Task1/task1-ros-tanmaybardia/autonav_beginner', 'symlink_install': False, 'test_result_base': None}
[0.226s] INFO:colcon.colcon_core.executor:Executing jobs using 'parallel' executor
[0.227s] DEBUG:colcon.colcon_parallel_executor.executor.parallel:run_until_complete
[0.227s] INFO:colcon.colcon_ros.task.ament_cmake.build:Building ROS package in '/home/tanmay/Desktop/Task1/task1-ros-tanmaybardia/autonav_beginner' with build type 'ament_cmake'
[0.227s] INFO:colcon.colcon_cmake.task.cmake.build:Building CMake package in '/home/tanmay/Desktop/Task1/task1-ros-tanmaybardia/autonav_beginner'
[0.229s] INFO:colcon.colcon_core.plugin_system:Skipping extension 'colcon_core.shell.bat': Not used on non-Windows systems
[0.229s] INFO:colcon.colcon_core.shell:Skip shell extension 'powershell' for command environment: Not usable outside of PowerShell
[0.230s] DEBUG:colcon.colcon_core.shell:Skip shell extension 'dsv' for command environment
[0.240s] DEBUG:colcon.colcon_core.event_handler.log_command:Invoking command in '/home/tanmay/Desktop/Task1/task1-ros-tanmaybardia/autonav_beginner/build/autonav_beginner': CMAKE_PREFIX_PATH=${CMAKE_PREFIX_PATH}:/opt/ros/humble /usr/bin/cmake --build /home/tanmay/Desktop/Task1/task1-ros-tanmaybardia/autonav_beginner/build/autonav_beginner -- -j12 -l12
[6.778s] DEBUG:colcon.colcon_core.event_handler.log_command:Invoked command in '/home/tanmay/Desktop/Task1/task1-ros-tanmaybardia/autonav_beginner/build/autonav_beginner' returned '0': CMAKE_PREFIX_PATH=${CMAKE_PREFIX_PATH}:/opt/ros/humble /usr/bin/cmake --build /home/tanmay/Desktop/Task1/task1-ros-tanmaybardia/autonav_beginner/build/autonav_beginner -- -j12 -l12
[6.790s] DEBUG:colcon.colcon_core.event_handler.log_command:Invoking command in '/home/tanmay/Desktop/Task1/task1-ros-tanmaybardia/autonav_beginner/build/autonav_beginner': CMAKE_PREFIX_PATH=${CMAKE_PREFIX_PATH}:/opt/ros/humble /usr/bin/cmake --install /home/tanmay/Desktop/Task1/task1-ros-tanmaybardia/autonav_beginner/build/autonav_beginner
[6.801s] Level 1:colcon.colcon_core.environment:create_environment_scripts_only(autonav_beginner)
[6.801s] DEBUG:colcon.colcon_core.event_handler.log_command:Invoked command in '/home/tanmay/Desktop/Task1/task1-ros-tanmaybardia/autonav_beginner/build/autonav_beginner' returned '0': CMAKE_PREFIX_PATH=${CMAKE_PREFIX_PATH}:/opt/ros/humble /usr/bin/cmake --install /home/tanmay/Desktop/Task1/task1-ros-tanmaybardia/autonav_beginner/build/autonav_beginner
[6.803s] Level 1:colcon.colcon_core.environment:checking '/home/tanmay/Desktop/Task1/task1-ros-tanmaybardia/autonav_beginner/install/autonav_beginner' for CMake module files
[6.803s] Level 1:colcon.colcon_core.environment:checking '/home/tanmay/Desktop/Task1/task1-ros-tanmaybardia/autonav_beginner/install/autonav_beginner' for CMake config files
[6.803s] Level 1:colcon.colcon_core.shell:create_environment_hook('autonav_beginner', 'cmake_prefix_path')
[6.803s] INFO:colcon.colcon_core.shell:Creating environment hook '/home/tanmay/Desktop/Task1/task1-ros-tanmaybardia/autonav_beginner/install/autonav_beginner/share/autonav_beginner/hook/cmake_prefix_path.ps1'
[6.804s] INFO:colcon.colcon_core.shell:Creating environment descriptor '/home/tanmay/Desktop/Task1/task1-ros-tanmaybardia/autonav_beginner/install/autonav_beginner/share/autonav_beginner/hook/cmake_prefix_path.dsv'
[6.804s] INFO:colcon.colcon_core.shell:Creating environment hook '/home/tanmay/Desktop/Task1/task1-ros-tanmaybardia/autonav_beginner/install/autonav_beginner/share/autonav_beginner/hook/cmake_prefix_path.sh'
[6.805s] Level 1:colcon.colcon_core.environment:checking '/home/tanmay/Desktop/Task1/task1-ros-tanmaybardia/autonav_beginner/install/autonav_beginner/lib'
[6.805s] Level 1:colcon.colcon_core.environment:checking '/home/tanmay/Desktop/Task1/task1-ros-tanmaybardia/autonav_beginner/install/autonav_beginner/bin'
[6.805s] Level 1:colcon.colcon_core.environment:checking '/home/tanmay/Desktop/Task1/task1-ros-tanmaybardia/autonav_beginner/install/autonav_beginner/lib/pkgconfig/autonav_beginner.pc'
[6.806s] Level 1:colcon.colcon_core.environment:checking '/home/tanmay/Desktop/Task1/task1-ros-tanmaybardia/autonav_beginner/install/autonav_beginner/lib/python3.10/site-packages'
[6.806s] Level 1:colcon.colcon_core.environment:checking '/home/tanmay/Desktop/Task1/task1-ros-tanmaybardia/autonav_beginner/install/autonav_beginner/bin'
[6.806s] INFO:colcon.colcon_core.shell:Creating package script '/home/tanmay/Desktop/Task1/task1-ros-tanmaybardia/autonav_beginner/install/autonav_beginner/share/autonav_beginner/package.ps1'
[6.807s] INFO:colcon.colcon_core.shell:Creating package descriptor '/home/tanmay/Desktop/Task1/task1-ros-tanmaybardia/autonav_beginner/install/autonav_beginner/share/autonav_beginner/package.dsv'
[6.807s] INFO:colcon.colcon_core.shell:Creating package script '/home/tanmay/Desktop/Task1/task1-ros-tanmaybardia/autonav_beginner/install/autonav_beginner/share/autonav_beginner/package.sh'
[6.808s] INFO:colcon.colcon_core.shell:Creating package script '/home/tanmay/Desktop/Task1/task1-ros-tanmaybardia/autonav_beginner/install/autonav_beginner/share/autonav_beginner/package.bash'
[6.808s] INFO:colcon.colcon_core.shell:Creating package script '/home/tanmay/Desktop/Task1/task1-ros-tanmaybardia/autonav_beginner/install/autonav_beginner/share/autonav_beginner/package.zsh'
[6.808s] Level 1:colcon.colcon_core.environment:create_file_with_runtime_dependencies(/home/tanmay/Desktop/Task1/task1-ros-tanmaybardia/autonav_beginner/install/autonav_beginner/share/colcon-core/packages/autonav_beginner)
[6.809s] Level 1:colcon.colcon_core.environment:create_environment_scripts_only(autonav_beginner)
[6.809s] Level 1:colcon.colcon_core.environment:checking '/home/tanmay/Desktop/Task1/task1-ros-tanmaybardia/autonav_beginner/install/autonav_beginner' for CMake module files
[6.809s] Level 1:colcon.colcon_core.environment:checking '/home/tanmay/Desktop/Task1/task1-ros-tanmaybardia/autonav_beginner/install/autonav_beginner' for CMake config files
[6.809s] Level 1:colcon.colcon_core.shell:create_environment_hook('autonav_beginner', 'cmake_prefix_path')
[6.809s] INFO:colcon.colcon_core.shell:Creating environment hook '/home/tanmay/Desktop/Task1/task1-ros-tanmaybardia/autonav_beginner/install/autonav_beginner/share/autonav_beginner/hook/cmake_prefix_path.ps1'
[6.810s] INFO:colcon.colcon_core.shell:Creating environment descriptor '/home/tanmay/Desktop/Task1/task1-ros-tanmaybardia/autonav_beginner/install/autonav_beginner/share/autonav_beginner/hook/cmake_prefix_path.dsv'
[6.810s] INFO:colcon.colcon_core.shell:Creating environment hook '/home/tanmay/Desktop/Task1/task1-ros-tanmaybardia/autonav_beginner/install/autonav_beginner/share/autonav_beginner/hook/cmake_prefix_path.sh'
[6.810s] Level 1:colcon.colcon_core.environment:checking '/home/tanmay/Desktop/Task1/task1-ros-tanmaybardia/autonav_beginner/install/autonav_beginner/lib'
[6.810s] Level 1:colcon.colcon_core.environment:checking '/home/tanmay/Desktop/Task1/task1-ros-tanmaybardia/autonav_beginner/install/autonav_beginner/bin'
[6.810s] Level 1:colcon.colcon_core.environment:checking '/home/tanmay/Desktop/Task1/task1-ros-tanmaybardia/autonav_beginner/install/autonav_beginner/lib/pkgconfig/autonav_beginner.pc'
[6.810s] Level 1:colcon.colcon_core.environment:checking '/home/tanmay/Desktop/Task1/task1-ros-tanmaybardia/autonav_beginner/install/autonav_beginner/lib/python3.10/site-packages'
[6.811s] Level 1:colcon.colcon_core.environment:checking '/home/tanmay/Desktop/Task1/task1-ros-tanmaybardia/autonav_beginner/install/autonav_beginner/bin'
[6.811s] INFO:colcon.colcon_core.shell:Creating package script '/home/tanmay/Desktop/Task1/task1-ros-tanmaybardia/autonav_beginner/install/autonav_beginner/share/autonav_beginner/package.ps1'
[6.811s] INFO:colcon.colcon_core.shell:Creating package descriptor '/home/tanmay/Desktop/Task1/task1-ros-tanmaybardia/autonav_beginner/install/autonav_beginner/share/autonav_beginner/package.dsv'
[6.811s] INFO:colcon.colcon_core.shell:Creating package script '/home/tanmay/Desktop/Task1/task1-ros-tanmaybardia/autonav_beginner/install/autonav_beginner/share/autonav_beginner/package.sh'
[6.812s] INFO:colcon.colcon_core.shell:Creating package script '/home/tanmay/Desktop/Task1/task1-ros-tanmaybardia/autonav_beginner/install/autonav_beginner/share/autonav_beginner/package.bash'
[6.812s] INFO:colcon.colcon_core.shell:Creating package script '/home/tanmay/Desktop/Task1/task1-ros-tanmaybardia/autonav_beginner/install/autonav_beginner/share/autonav_beginner/package.zsh'
[6.812s] Level 1:colcon.colcon_core.environment:create_file_with_runtime_dependencies(/home/tanmay/Desktop/Task1/task1-ros-tanmaybardia/autonav_beginner/install/autonav_beginner/share/colcon-core/packages/autonav_beginner)
[6.812s] DEBUG:colcon.colcon_parallel_executor.executor.parallel:closing loop
[6.812s] DEBUG:colcon.colcon_parallel_executor.executor.parallel:loop closed
[6.813s] DEBUG:colcon.colcon_parallel_executor.executor.parallel:run_until_complete finished with '0'
[6.813s] DEBUG:colcon.colcon_core.event_reactor:joining thread
[6.816s] INFO:colcon.colcon_core.plugin_system:Skipping extension 'colcon_notification.desktop_notification.terminal_notifier': Not used on non-Darwin systems
[6.817s] INFO:colcon.colcon_core.plugin_system:Skipping extension 'colcon_notification.desktop_notification.win32': Not used on non-Windows systems
[6.817s] INFO:colcon.colcon_notification.desktop_notification:Sending desktop notification using 'notify2'
[6.826s] DEBUG:colcon.colcon_core.event_reactor:joined thread
[6.826s] INFO:colcon.colcon_core.shell:Creating prefix script '/home/tanmay/Desktop/Task1/task1-ros-tanmaybardia/autonav_beginner/install/local_setup.ps1'
[6.827s] INFO:colcon.colcon_core.shell:Creating prefix util module '/home/tanmay/Desktop/Task1/task1-ros-tanmaybardia/autonav_beginner/install/_local_setup_util_ps1.py'
[6.830s] INFO:colcon.colcon_core.shell:Creating prefix chain script '/home/tanmay/Desktop/Task1/task1-ros-tanmaybardia/autonav_beginner/install/setup.ps1'
[6.832s] INFO:colcon.colcon_core.shell:Creating prefix script '/home/tanmay/Desktop/Task1/task1-ros-tanmaybardia/autonav_beginner/install/local_setup.sh'
[6.833s] INFO:colcon.colcon_core.shell:Creating prefix util module '/home/tanmay/Desktop/Task1/task1-ros-tanmaybardia/autonav_beginner/install/_local_setup_util_sh.py'
[6.834s] INFO:colcon.colcon_core.shell:Creating prefix chain script '/home/tanmay/Desktop/Task1/task1-ros-tanmaybardia/autonav_beginner/install/setup.sh'
[6.836s] INFO:colcon.colcon_core.shell:Creating prefix script '/home/tanmay/Desktop/Task1/task1-ros-tanmaybardia/autonav_beginner/install/local_setup.bash'
[6.837s] INFO:colcon.colcon_core.shell:Creating prefix chain script '/home/tanmay/Desktop/Task1/task1-ros-tanmaybardia/autonav_beginner/install/setup.bash'
[6.840s] INFO:colcon.colcon_core.shell:Creating prefix script '/home/tanmay/Desktop/Task1/task1-ros-tanmaybardia/autonav_beginner/install/local_setup.zsh'
[6.841s] INFO:colcon.colcon_core.shell:Creating prefix chain script '/home/tanmay/Desktop/Task1/task1-ros-tanmaybardia/autonav_beginner/install/setup.zsh'
