[0.007s] Invoking command in '/home/tanmay/Desktop/Task1/task1-ros-tanmaybardia/autonav_beginner/build/autonav_beginner': CMAKE_PREFIX_PATH=/opt/ros/humble /usr/bin/cmake --build /home/tanmay/Desktop/Task1/task1-ros-tanmaybardia/autonav_beginner/build/autonav_beginner -- -j12 -l12
[0.061s] [ 33%] Built target obstacle_detector
[0.065s] [ 66%] Built target drive_decider
[0.068s] [100%] Built target lidar_publisher
[0.077s] Invoked command in '/home/tanmay/Desktop/Task1/task1-ros-tanmaybardia/autonav_beginner/build/autonav_beginner' returned '0': CMAKE_PREFIX_PATH=/opt/ros/humble /usr/bin/cmake --build /home/tanmay/Desktop/Task1/task1-ros-tanmaybardia/autonav_beginner/build/autonav_beginner -- -j12 -l12
[0.089s] Invoking command in '/home/tanmay/Desktop/Task1/task1-ros-tanmaybardia/autonav_beginner/build/autonav_beginner': CMAKE_PREFIX_PATH=/opt/ros/humble /usr/bin/cmake --install /home/tanmay/Desktop/Task1/task1-ros-tanmaybardia/autonav_beginner/build/autonav_beginner
[0.097s] -- Install configuration: ""
[0.097s] -- Up-to-date: /home/tanmay/Desktop/Task1/task1-ros-tanmaybardia/autonav_beginner/install/autonav_beginner/lib/autonav_beginner/lidar_publisher
[0.097s] -- Up-to-date: /home/tanmay/Desktop/Task1/task1-ros-tanmaybardia/autonav_beginner/install/autonav_beginner/lib/autonav_beginner/obstacle_detector
[0.097s] -- Up-to-date: /home/tanmay/Desktop/Task1/task1-ros-tanmaybardia/autonav_beginner/install/autonav_beginner/lib/autonav_beginner/drive_decider
[0.097s] -- Up-to-date: /home/tanmay/Desktop/Task1/task1-ros-tanmaybardia/autonav_beginner/install/autonav_beginner/share/ament_index/resource_index/package_run_dependencies/autonav_beginner
[0.098s] -- Up-to-date: /home/tanmay/Desktop/Task1/task1-ros-tanmaybardia/autonav_beginner/install/autonav_beginner/share/ament_index/resource_index/parent_prefix_path/autonav_beginner
[0.098s] -- Up-to-date: /home/tanmay/Desktop/Task1/task1-ros-tanmaybardia/autonav_beginner/install/autonav_beginner/share/autonav_beginner/environment/ament_prefix_path.sh
[0.098s] -- Up-to-date: /home/tanmay/Desktop/Task1/task1-ros-tanmaybardia/autonav_beginner/install/autonav_beginner/share/autonav_beginner/environment/ament_prefix_path.dsv
[0.098s] -- Up-to-date: /home/tanmay/Desktop/Task1/task1-ros-tanmaybardia/autonav_beginner/install/autonav_beginner/share/autonav_beginner/environment/path.sh
[0.098s] -- Up-to-date: /home/tanmay/Desktop/Task1/task1-ros-tanmaybardia/autonav_beginner/install/autonav_beginner/share/autonav_beginner/environment/path.dsv
[0.098s] -- Up-to-date: /home/tanmay/Desktop/Task1/task1-ros-tanmaybardia/autonav_beginner/install/autonav_beginner/share/autonav_beginner/local_setup.bash
[0.098s] -- Up-to-date: /home/tanmay/Desktop/Task1/task1-ros-tanmaybardia/autonav_beginner/install/autonav_beginner/share/autonav_beginner/local_setup.sh
[0.098s] -- Up-to-date: /home/tanmay/Desktop/Task1/task1-ros-tanmaybardia/autonav_beginner/install/autonav_beginner/share/autonav_beginner/local_setup.zsh
[0.098s] -- Up-to-date: /home/tanmay/Desktop/Task1/task1-ros-tanmaybardia/autonav_beginner/install/autonav_beginner/share/autonav_beginner/local_setup.dsv
[0.099s] -- Installing: /home/tanmay/Desktop/Task1/task1-ros-tanmaybardia/autonav_beginner/install/autonav_beginner/share/autonav_beginner/package.dsv
[0.099s] -- Up-to-date: /home/tanmay/Desktop/Task1/task1-ros-tanmaybardia/autonav_beginner/install/autonav_beginner/share/ament_index/resource_index/packages/autonav_beginner
[0.099s] -- Up-to-date: /home/tanmay/Desktop/Task1/task1-ros-tanmaybardia/autonav_beginner/install/autonav_beginner/share/autonav_beginner/cmake/autonav_beginnerConfig.cmake
[0.099s] -- Up-to-date: /home/tanmay/Desktop/Task1/task1-ros-tanmaybardia/autonav_beginner/install/autonav_beginner/share/autonav_beginner/cmake/autonav_beginnerConfig-version.cmake
[0.099s] -- Up-to-date: /home/tanmay/Desktop/Task1/task1-ros-tanmaybardia/autonav_beginner/install/autonav_beginner/share/autonav_beginner/package.xml
[0.100s] Invoked command in '/home/tanmay/Desktop/Task1/task1-ros-tanmaybardia/autonav_beginner/build/autonav_beginner' returned '0': CMAKE_PREFIX_PATH=/opt/ros/humble /usr/bin/cmake --install /home/tanmay/Desktop/Task1/task1-ros-tanmaybardia/autonav_beginner/build/autonav_beginner
